2021-07-23 12:12:44,419 - *************** Test_001_login ***************
2021-07-23 12:12:44,479 - *************** Verifying Login Test ***************
2021-07-23 12:13:24,848 - *************** Login Test Passed ***************
2021-07-23 12:13:28,283 - *************** Verifying Odoo Main Page ***************
2021-07-23 12:14:01,970 - *************** Navigation to CRM Page ***************
2021-07-23 12:14:11,682 - *************** CRM Main Page Verification Passed ***************
2021-07-23 13:21:08,126 - *************** Test_001_login ***************
2021-07-23 13:21:08,354 - *************** Verifying Login Test ***************
2021-07-23 13:21:39,558 - *************** Login Test Passed ***************
2021-07-23 13:21:42,542 - *************** Verifying Odoo Main Page ***************
2021-07-23 13:22:07,546 - *************** Navigation to CRM Page ***************
2021-07-23 13:22:17,919 - *************** CRM Main Page Verification Passed ***************
2021-07-23 13:27:54,743 - *************** Test_001_login ***************
2021-07-23 13:27:54,743 - *************** Verifying Login Test ***************
2021-07-23 13:28:53,802 - *************** Login Test Passed ***************
2021-07-23 13:29:06,500 - *************** Verifying Odoo Main Page ***************
2021-07-23 13:29:51,653 - *************** Navigation to CRM Page ***************
2021-07-23 13:30:04,165 - *************** CRM Main Page Verification Passed ***************
2021-07-23 13:32:01,261 - *************** Verifying Odoo Main Page ***************
2021-07-23 13:32:05,133 - *************** Test_001_login ***************
2021-07-23 13:32:05,134 - *************** Verifying Login Test ***************
2021-07-23 13:33:16,200 - *************** Navigation to CRM Page ***************
2021-07-23 13:33:23,845 - *************** Login Test Passed ***************
2021-07-23 13:51:03,357 - *************** Test_001_login ***************
2021-07-23 13:51:03,358 - *************** Verifying Login Test ***************
2021-07-23 13:52:02,854 - *************** Login Test Passed ***************
2021-07-23 13:52:04,986 - *************** Verifying Odoo Main Page ***************
2021-07-23 13:54:06,325 - *************** Navigation to CRM Page ***************
2021-07-23 13:58:18,569 - *************** Test_001_login ***************
2021-07-23 13:58:18,571 - *************** Verifying Login Test ***************
2021-07-23 14:00:08,715 - *************** Login Test Passed ***************
2021-07-23 14:00:11,014 - *************** Verifying Odoo Main Page ***************
2021-07-23 14:01:51,572 - *************** Navigation to CRM Page ***************
2021-07-23 14:04:04,076 - *************** Test_001_login ***************
2021-07-23 14:04:04,177 - *************** Verifying Login Test ***************
2021-07-23 14:04:53,964 - *************** Login Test Passed ***************
2021-07-23 14:04:56,341 - *************** Verifying Odoo Main Page ***************
2021-07-23 14:05:37,053 - *************** Navigation to CRM Page ***************
2021-07-23 14:07:34,202 - *************** Test_001_login ***************
2021-07-23 14:07:34,203 - *************** Verifying Login Test ***************
2021-07-23 14:08:03,332 - *************** Login Test Passed ***************
2021-07-23 14:08:05,328 - *************** Verifying Odoo Main Page ***************
2021-07-23 14:08:27,790 - *************** Navigation to CRM Page ***************
2021-07-23 14:08:41,027 - *************** CRM Main Page Verification Failed ***************
2021-07-23 14:09:42,335 - *************** Test_001_login ***************
2021-07-23 14:09:42,336 - *************** Verifying Login Test ***************
2021-07-23 14:10:06,149 - *************** Login Test Passed ***************
2021-07-23 14:10:07,998 - *************** Verifying Odoo Main Page ***************
2021-07-23 14:10:31,492 - *************** Navigation to CRM Page ***************
2021-07-23 14:11:21,537 - *************** Test_001_login ***************
2021-07-23 14:11:21,538 - *************** Verifying Login Test ***************
2021-07-23 14:11:44,609 - *************** Login Test Passed ***************
2021-07-23 14:11:47,754 - *************** Verifying Odoo Main Page ***************
2021-07-23 14:12:07,814 - *************** Navigation to CRM Page ***************
2021-07-23 14:12:25,821 - *************** CRM Main Page Verification Failed ***************
2021-07-23 14:17:06,309 - *************** Test_001_login ***************
2021-07-23 14:17:06,310 - *************** Verifying Login Test ***************
2021-07-23 14:17:42,551 - *************** Login Test Passed ***************
2021-07-23 14:17:44,557 - *************** Verifying Odoo Main Page ***************
2021-07-23 14:18:10,504 - *************** Navigation to CRM Page ***************
2021-07-23 14:18:25,292 - *************** CRM Main Page Verification Failed ***************
2021-07-23 14:19:59,530 - *************** Test_001_login ***************
2021-07-23 14:19:59,531 - *************** Verifying Login Test ***************
2021-07-23 14:20:30,732 - *************** Login Test Passed ***************
2021-07-23 14:20:33,965 - *************** Verifying Odoo Main Page ***************
2021-07-23 14:20:57,656 - *************** Navigation to CRM Page ***************
2021-07-23 14:21:11,553 - *************** CRM Main Page Verification Passed ***************
2021-07-23 14:26:54,921 - *************** Test_001_login ***************
2021-07-23 14:26:54,923 - *************** Verifying Login Test ***************
2021-07-23 14:27:23,454 - *************** Login Test Passed ***************
2021-07-23 14:27:25,840 - *************** Verifying Odoo Main Page ***************
2021-07-23 14:27:51,758 - *************** Navigation to CRM Page ***************
2021-07-23 14:28:04,880 - *************** CRM Main Page Verification Passed ***************
2021-07-23 14:48:30,029 - *************** Test_001_login ***************
2021-07-23 14:48:30,031 - *************** Verifying Login Test ***************
2021-07-23 14:48:54,721 - *************** Verifying Odoo Main Page ***************
2021-07-23 14:49:38,315 - *************** Test_001_login ***************
2021-07-23 14:49:38,393 - *************** Verifying Login Test ***************
2021-07-23 14:50:14,258 - *************** Login Test Passed ***************
2021-07-23 14:50:17,270 - *************** Verifying Odoo Main Page ***************
2021-07-23 14:51:05,539 - *************** Navigation to CRM Page ***************
2021-07-23 14:51:21,508 - *************** CRM Main Page Verification Passed ***************
2021-07-23 17:45:56,225 - *************** Test_002_DDT_login ***************
2021-07-23 17:45:56,349 - *************** Verifying Login DDT Test ***************
2021-07-23 17:51:23,311 - *************** Test_002_DDT_login ***************
2021-07-23 17:51:23,312 - *************** Verifying Login DDT Test ***************
2021-07-23 17:52:13,821 - ***** Failed *******
2021-07-23 17:52:13,821 - ******** Login DDT Test is Failed 
2021-07-23 17:54:08,482 - *************** Test_002_DDT_login ***************
2021-07-23 17:54:08,483 - *************** Verifying Login DDT Test ***************
2021-07-23 17:55:05,327 - *****Passed *******
2021-07-23 17:58:55,947 - *************** Test_002_DDT_login ***************
2021-07-23 17:58:55,987 - *************** Verifying Login DDT Test ***************
2021-07-23 17:59:25,109 - *****Passed *******
2021-07-23 17:59:40,330 - ******** Login DDT Test is Passed 
2021-07-23 19:21:33,392 - *************** Test_002_DDT_login ***************
2021-07-23 19:21:33,762 - *************** Verifying Login DDT Test ***************
2021-07-23 19:22:16,082 - *****Passed *******
2021-07-23 19:22:24,997 - ******** Login DDT Test is Passed 
2021-07-23 19:24:47,479 - *************** Test_002_DDT_login ***************
2021-07-23 19:24:47,479 - *************** Verifying Login DDT Test ***************
2021-07-23 19:25:19,993 - *****Passed *******
2021-07-23 19:25:32,311 - ******** Login DDT Test is Passed 
2021-07-23 19:34:53,593 - *************** Test_002_DDT_login ***************
2021-07-23 19:34:53,594 - *************** Verifying Login DDT Test ***************
2021-07-23 19:36:17,227 - *****Passed *******
2021-07-23 19:36:29,410 - ****** Failed *******
2021-07-23 19:37:56,159 - *************** Test_002_DDT_login ***************
2021-07-23 19:37:56,159 - *************** Verifying Login DDT Test ***************
2021-07-23 19:38:25,030 - *****Passed *******
2021-07-23 19:38:34,441 - ****** Failed *******
2021-07-23 19:41:36,856 - *************** Test_002_DDT_login ***************
2021-07-23 19:41:36,856 - *************** Verifying Login DDT Test ***************
2021-07-23 19:41:59,828 - *****Passed *******
2021-07-23 19:42:07,903 - ****** Failed *******
2021-07-23 19:42:11,882 - ****** Failed *******
2021-07-23 19:42:16,106 - ****** Failed *******
2021-07-23 19:42:16,106 - ******** Login DDT Test is Failed 
2021-07-23 19:47:42,379 - *************** Test_002_DDT_login ***************
2021-07-23 19:47:42,380 - *************** Verifying Login DDT Test ***************
2021-07-23 19:48:29,850 - *****Passed *******
2021-07-23 19:48:38,557 - ****** Failed *******
2021-07-23 19:48:42,612 - ****** Failed *******
2021-07-23 19:48:46,730 - ****** Failed *******
2021-07-23 19:48:46,730 - ******** Login DDT Test is Failed 
2021-07-23 19:51:10,825 - *************** Test_002_DDT_login ***************
2021-07-23 19:51:10,839 - *************** Verifying Login DDT Test ***************
2021-07-23 19:51:47,992 - *****Passed *******
2021-07-23 19:52:00,154 - ****** Failed *******
2021-07-23 19:52:14,085 - ****** Failed *******
2021-07-23 19:52:18,005 - ****** Failed *******
2021-07-23 19:52:18,005 - ******** Login DDT Test is Failed 
2021-07-23 19:54:36,160 - *************** Test_002_DDT_login ***************
2021-07-23 19:54:36,161 - *************** Verifying Login DDT Test ***************
2021-07-23 19:55:00,546 - *****Passed *******
2021-07-23 19:55:08,619 - ****** Failed *******
2021-07-23 19:55:12,680 - ****** Failed *******
2021-07-23 19:55:16,922 - ****** Failed *******
2021-07-23 19:55:16,922 - ******** Login DDT Test is Failed 
2021-07-23 20:04:24,798 - *************** Test_002_DDT_login ***************
2021-07-23 20:04:24,799 - *************** Verifying Login DDT Test ***************
2021-07-23 20:04:53,859 - *****Passed *******
2021-07-23 20:05:03,994 - ****** Failed *******
2021-07-23 20:05:08,412 - ****** Failed *******
2021-07-23 20:05:12,570 - ****** Failed *******
2021-07-23 20:05:12,570 - ******** Login DDT Test is Failed 
2021-07-23 20:08:54,413 - *************** Test_002_DDT_login ***************
2021-07-23 20:08:54,435 - *************** Verifying Login DDT Test ***************
2021-07-23 20:09:21,608 - *****Passed *******
2021-07-23 20:09:30,684 - ****** Failed *******
2021-07-23 20:09:41,919 - ****** Failed *******
2021-07-23 20:09:51,544 - ****** Passed *******
2021-07-23 20:09:51,544 - ******** Login DDT Test is Passed 
2021-07-23 20:09:51,758 - ******* End of Login DDT Test **********
2021-07-23 20:09:51,758 - **************** Completed Test_002_DDT_login ************* 
2021-07-23 20:11:00,119 - *************** Test_002_DDT_login ***************
2021-07-23 20:11:00,120 - *************** Verifying Login DDT Test ***************
2021-07-23 20:33:07,371 - *************** Test_002_DDT_login ***************
2021-07-23 20:33:07,476 - *************** Verifying Login DDT Test ***************
2021-07-23 20:33:47,128 - *****Passed *******
2021-07-23 20:34:02,323 - ****** Failed *******
2021-07-23 20:34:07,650 - ****** Failed *******
2021-07-23 20:34:11,824 - ****** Failed *******
2021-07-23 20:34:11,824 - ******** Login DDT Test is Passed 
2021-07-23 20:34:12,318 - ******* End of Login DDT Test **********
2021-07-23 20:34:12,318 - **************** Completed Test_002_DDT_login ************* 
2021-07-23 20:37:37,532 - *************** Test_002_DDT_login ***************
2021-07-23 20:37:37,666 - *************** Verifying Login DDT Test ***************
2021-07-23 20:38:02,982 - *****Passed *******
2021-07-23 20:38:11,791 - ****** Failed *******
2021-07-23 20:38:16,282 - ****** Failed *******
2021-07-23 20:38:20,308 - ****** Failed *******
2021-07-23 20:38:20,308 - ******** Login DDT Test is Passed 
2021-07-23 20:38:20,552 - ******* End of Login DDT Test **********
2021-07-23 20:38:20,552 - **************** Completed Test_002_DDT_login ************* 
2021-07-23 20:39:17,846 - *************** Test_002_DDT_login ***************
2021-07-23 20:39:17,878 - *************** Verifying Login DDT Test ***************
2021-07-23 20:39:47,109 - *****Passed *******
2021-07-23 20:39:56,674 - ****** Failed *******
2021-07-23 20:40:00,809 - ****** Failed *******
2021-07-23 20:40:05,061 - ****** Failed *******
2021-07-23 20:40:10,210 - *****Passed *******
2021-07-23 20:40:14,181 - ******** Login DDT Test is Passed 
2021-07-23 20:40:14,451 - ******* End of Login DDT Test **********
2021-07-23 20:40:14,451 - **************** Completed Test_002_DDT_login ************* 
2021-07-24 08:48:47,036 - *************** Test_002_DDT_login ***************
2021-07-24 08:48:47,101 - *************** Verifying Login DDT Test ***************
2021-07-24 08:49:17,547 - *****Passed *******
2021-07-24 08:49:27,462 - ****** New Account Creation  *******
2021-07-24 08:49:32,124 - ****** New Account has been Created *******
2021-07-24 09:04:45,995 - *************** Test_002_DDT_login ***************
2021-07-24 09:04:46,180 - *************** Verifying Login DDT Test ***************
2021-07-24 09:05:28,255 - *****Passed *******
2021-07-24 09:05:33,790 - ****** Test completed *******
2021-07-24 09:07:38,357 - *************** Test_002_DDT_login ***************
2021-07-24 09:07:39,059 - *************** Verifying Login DDT Test ***************
2021-07-24 09:08:15,542 - *****Passed *******
2021-07-24 09:08:23,642 - ****** Test completed *******
2021-07-24 09:10:45,651 - *************** Test_002_DDT_login ***************
2021-07-24 09:10:45,651 - *************** Verifying Login DDT Test ***************
2021-07-24 09:11:27,495 - *****Passed *******
2021-07-24 09:11:40,974 - ****** New Account Creation  *******
2021-07-24 09:11:45,753 - ****** New Account has been Created *******
2021-07-24 09:11:45,753 - ****** Test completed *******
2021-07-24 09:15:27,351 - *************** Test_002_DDT_login ***************
2021-07-24 09:15:27,352 - *************** Verifying Login DDT Test ***************
2021-07-24 09:15:56,988 - *****Passed *******
2021-07-24 09:16:09,024 - ****** New Account Creation  *******
2021-07-24 09:16:14,658 - ****** New Account has been Created *******
2021-07-24 09:16:15,041 - ****** Test completed *******
2021-07-24 09:25:09,870 - *************** Test_002_DDT_login ***************
2021-07-24 09:25:10,055 - *************** Verifying Login DDT Test ***************
2021-07-24 09:26:32,053 - *****Passed *******
2021-07-24 09:27:54,090 - *************** Test_002_DDT_login ***************
2021-07-24 09:27:54,155 - *************** Verifying Login DDT Test ***************
2021-07-24 09:28:53,149 - *****Passed *******
2021-07-24 09:29:14,451 - ****** New Account Creation  *******
2021-07-24 09:29:19,225 - ****** New Account has been Created *******
2021-07-24 09:29:20,855 - ****** Test completed *******
2021-07-24 09:40:48,103 - *************** Verifying Login DDT Test ***************
2021-07-24 09:41:39,063 - *****Passed *******
2021-07-24 09:41:50,510 - ****** New Account Creation  *******
2021-07-24 09:41:55,864 - ****** New Account has been Created *******
2021-07-24 09:41:56,609 - ****** Test completed *******
2021-07-24 10:54:58,942 - *************** Login to Odoo ***************
2021-07-24 10:54:59,177 - *************** Creating Pipeline ***************
2021-07-24 10:57:51,183 - *************** Login to Odoo ***************
2021-07-24 10:57:58,515 - *************** Creating Pipeline ***************
2021-07-24 10:58:47,024 - *************** Login to Odoo ***************
2021-07-24 10:58:53,766 - *************** Creating Pipeline ***************
2021-07-24 10:59:29,465 - *************** Login to Odoo ***************
2021-07-24 10:59:56,760 - *************** Navigation to CRM Page ***************
2021-07-24 11:00:05,525 - *************** CRM Main Page Verification Passed ***************
2021-07-24 11:00:07,716 - *************** Creating Pipeline ***************
2021-07-24 11:02:54,743 - *************** Login to Odoo ***************
2021-07-24 11:03:16,734 - *************** Navigation to CRM Page ***************
2021-07-24 11:03:26,089 - *************** CRM Main Page Verification Passed ***************
2021-07-24 11:03:30,826 - *************** Creating Pipeline ***************
2021-07-24 11:03:53,208 - *************** Navigation to CRM Page ***************
2021-07-24 11:04:09,897 - *************** Pipeline Created Successfully ***************
2021-07-24 11:04:09,897 - *************** Test Completed ***************
2021-07-24 11:13:31,698 - *************** Login to Odoo ***************
2021-07-24 11:14:05,056 - *************** Navigation to CRM Page ***************
2021-07-24 11:14:14,880 - *************** Creating Pipeline ***************
2021-07-24 11:14:23,996 - *************** Pipeline Created Successfully ***************
2021-07-24 11:14:23,996 - *************** Test Completed ***************
2021-07-24 11:32:36,588 - *************** Login to Odoo ***************
2021-07-24 11:33:10,903 - *************** Navigation to CRM Page ***************
2021-07-24 11:33:20,685 - *************** Creating Pipeline ***************
2021-07-24 11:33:28,196 - *************** Pipeline Created Successfully ***************
2021-07-24 11:33:33,200 - *************** Pipeline Edit the Fields ***************
2021-07-24 11:33:39,920 - *************** Pipeline Edited Successfully ***************
2021-07-24 11:33:39,920 - *************** Test Completed ***************
2021-07-24 16:52:02,257 - *************** Login to Odoo ***************
2021-07-24 16:52:43,243 - *************** Navigation to CRM Page ***************
2021-07-24 16:54:27,697 - *************** Login to Odoo ***************
2021-07-24 16:54:57,430 - *************** Navigation to CRM Page ***************
2021-07-24 16:56:35,005 - *************** Login to Odoo ***************
2021-07-24 16:56:53,021 - *************** Navigation to CRM Page ***************
2021-07-24 17:00:18,117 - *************** Login to Odoo ***************
2021-07-24 17:00:38,762 - *************** Navigation to CRM Page ***************
2021-07-24 17:02:45,241 - *************** Login to Odoo ***************
2021-07-24 17:03:10,504 - *************** Navigation to CRM Page ***************
2021-07-24 17:06:54,302 - *************** Login to Odoo ***************
2021-07-24 17:07:26,940 - *************** Navigation to CRM Page ***************
2021-07-24 18:20:18,108 - *************** Login to Odoo ***************
2021-07-24 18:20:49,872 - *************** Navigation to CRM Page ***************
2021-07-24 18:26:28,136 - *************** Login to Odoo ***************
2021-07-24 18:26:49,023 - *************** Navigation to CRM Page ***************
2021-07-24 18:28:56,263 - *************** Login to Odoo ***************
2021-07-24 18:29:22,643 - *************** Navigation to CRM Page ***************
2021-07-24 18:35:31,034 - *************** Login to Odoo ***************
2021-07-24 18:36:07,843 - *************** Navigation to CRM Page ***************
2021-07-24 18:40:41,271 - *************** Login to Odoo ***************
2021-07-24 18:40:58,094 - *************** Navigation to CRM Page ***************
2021-07-24 18:42:00,697 - *************** Login to Odoo ***************
2021-07-24 18:42:20,397 - *************** Navigation to CRM Page ***************
2021-07-24 18:47:23,397 - *************** Login to Odoo ***************
2021-07-24 18:47:41,510 - *************** Navigation to CRM Page ***************
2021-07-24 19:04:47,536 - *************** Login to Odoo ***************
2021-07-24 19:05:11,020 - *************** Navigation to CRM Page ***************
2021-07-24 21:04:25,042 - *************** Login to Odoo ***************
2021-07-24 21:05:30,851 - *************** Navigation to CRM Page ***************
2021-07-24 21:07:41,073 - *************** Login to Odoo ***************
2021-07-24 21:08:30,505 - *************** Navigation to CRM Page ***************
2021-07-24 21:11:11,809 - *************** Login to Odoo ***************
2021-07-24 21:12:09,167 - *************** Navigation to CRM Page ***************
2021-07-24 21:14:02,569 - *************** Login to Odoo ***************
2021-07-24 21:14:58,397 - *************** Navigation to CRM Page ***************
2021-07-24 21:17:07,834 - *************** Login to Odoo ***************
2021-07-24 21:17:42,407 - *************** Navigation to CRM Page ***************
2021-07-24 21:19:18,525 - *************** Login to Odoo ***************
2021-07-24 21:19:54,116 - *************** Navigation to CRM Page ***************
2021-07-24 21:22:35,800 - *************** Login to Odoo ***************
2021-07-24 21:23:20,371 - *************** Navigation to CRM Page ***************
2021-07-24 21:29:25,713 - *************** Login to Odoo ***************
2021-07-24 21:30:13,368 - *************** Navigation to CRM Page ***************
2021-07-24 21:32:46,945 - *************** Login to Odoo ***************
2021-07-24 21:33:23,958 - *************** Navigation to CRM Page ***************
2021-07-24 21:50:24,090 - *************** Login to Odoo ***************
2021-07-24 21:50:48,428 - *************** Navigation to CRM Page ***************
2021-07-24 21:51:08,595 - *************** CRM Main Page Verification Failed ***************
2021-07-24 21:55:32,732 - *************** Login to Odoo ***************
2021-07-24 21:55:57,687 - *************** Navigation to CRM Page ***************
2021-07-24 21:56:19,138 - *************** CRM Main Page Verification Failed ***************
2021-07-24 21:59:03,438 - *************** Login to Odoo ***************
2021-07-24 21:59:37,768 - *************** Navigation to CRM Page ***************
2021-07-24 22:00:06,821 - *************** CRM Main Page Verification Failed ***************
2021-07-24 22:01:20,028 - *************** Login to Odoo ***************
2021-07-24 22:01:55,091 - *************** Navigation to CRM Page ***************
2021-07-24 22:02:13,010 - *************** CRM Main Page Verification Failed ***************
2021-07-25 08:55:24,080 - *************** Test_001_login ***************
2021-07-25 08:55:24,080 - *************** Test_001_login ***************
2021-07-25 08:55:24,080 - *************** Test_001_login ***************
2021-07-25 08:55:24,080 - *************** Test_001_login ***************
2021-07-25 08:55:24,080 - *************** Test_001_login ***************
2021-07-25 08:55:24,095 - *************** Verifying Login Test ***************
2021-07-25 08:55:24,095 - *************** Verifying Login Test ***************
2021-07-25 08:55:24,095 - *************** Verifying Login Test ***************
2021-07-25 08:55:24,095 - *************** Verifying Login Test ***************
2021-07-25 08:55:24,095 - *************** Verifying Login Test ***************
2021-07-25 08:55:53,918 - *************** Verifying Odoo Main Page ***************
2021-07-25 08:55:53,918 - *************** Verifying Odoo Main Page ***************
2021-07-25 08:55:53,918 - *************** Verifying Odoo Main Page ***************
2021-07-25 08:55:53,918 - *************** Verifying Odoo Main Page ***************
2021-07-25 08:55:53,918 - *************** Verifying Odoo Main Page ***************
2021-07-25 08:56:02,835 - *************** Verifying Login DDT Test ***************
2021-07-25 08:56:02,835 - *************** Verifying Login DDT Test ***************
2021-07-25 08:56:02,835 - *************** Verifying Login DDT Test ***************
2021-07-25 08:56:02,835 - *************** Verifying Login DDT Test ***************
2021-07-25 08:56:02,835 - *************** Verifying Login DDT Test ***************
2021-07-25 08:56:25,298 - *************** Test_001_login ***************
2021-07-25 08:56:25,298 - *************** Test_001_login ***************
2021-07-25 08:56:25,298 - *************** Test_001_login ***************
2021-07-25 08:56:25,298 - *************** Test_001_login ***************
2021-07-25 08:56:25,298 - *************** Test_001_login ***************
2021-07-25 08:56:25,299 - *************** Verifying Login Test ***************
2021-07-25 08:56:25,299 - *************** Verifying Login Test ***************
2021-07-25 08:56:25,299 - *************** Verifying Login Test ***************
2021-07-25 08:56:25,299 - *************** Verifying Login Test ***************
2021-07-25 08:56:25,299 - *************** Verifying Login Test ***************
2021-07-25 08:56:47,575 - *************** Login Test Passed ***************
2021-07-25 08:56:47,575 - *************** Login Test Passed ***************
2021-07-25 08:56:47,575 - *************** Login Test Passed ***************
2021-07-25 08:56:47,575 - *************** Login Test Passed ***************
2021-07-25 08:56:47,575 - *************** Login Test Passed ***************
2021-07-25 08:56:49,092 - *************** Verifying Odoo Main Page ***************
2021-07-25 08:56:49,092 - *************** Verifying Odoo Main Page ***************
2021-07-25 08:56:49,092 - *************** Verifying Odoo Main Page ***************
2021-07-25 08:56:49,092 - *************** Verifying Odoo Main Page ***************
2021-07-25 08:56:49,092 - *************** Verifying Odoo Main Page ***************
2021-07-25 08:57:32,147 - *************** Navigation to CRM Page ***************
2021-07-25 08:57:32,147 - *************** Navigation to CRM Page ***************
2021-07-25 08:57:32,147 - *************** Navigation to CRM Page ***************
2021-07-25 08:57:32,147 - *************** Navigation to CRM Page ***************
2021-07-25 08:57:32,147 - *************** Navigation to CRM Page ***************
2021-07-25 08:57:44,983 - *************** CRM Main Page Verification Passed ***************
2021-07-25 08:57:44,983 - *************** CRM Main Page Verification Passed ***************
2021-07-25 08:57:44,983 - *************** CRM Main Page Verification Passed ***************
2021-07-25 08:57:44,983 - *************** CRM Main Page Verification Passed ***************
2021-07-25 08:57:44,983 - *************** CRM Main Page Verification Passed ***************
2021-07-25 08:57:46,498 - *************** Verifying Login DDT Test ***************
2021-07-25 08:57:46,498 - *************** Verifying Login DDT Test ***************
2021-07-25 08:57:46,498 - *************** Verifying Login DDT Test ***************
2021-07-25 08:57:46,498 - *************** Verifying Login DDT Test ***************
2021-07-25 08:57:46,498 - *************** Verifying Login DDT Test ***************
2021-07-25 08:58:15,828 - *****Passed *******
2021-07-25 08:58:15,828 - *****Passed *******
2021-07-25 08:58:15,828 - *****Passed *******
2021-07-25 08:58:15,828 - *****Passed *******
2021-07-25 08:58:15,828 - *****Passed *******
2021-07-25 08:58:24,020 - ****** New Account Creation  *******
2021-07-25 08:58:24,020 - ****** New Account Creation  *******
2021-07-25 08:58:24,020 - ****** New Account Creation  *******
2021-07-25 08:58:24,020 - ****** New Account Creation  *******
2021-07-25 08:58:24,020 - ****** New Account Creation  *******
2021-07-25 08:58:28,621 - ****** New Account has been Created *******
2021-07-25 08:58:28,621 - ****** New Account has been Created *******
2021-07-25 08:58:28,621 - ****** New Account has been Created *******
2021-07-25 08:58:28,621 - ****** New Account has been Created *******
2021-07-25 08:58:28,621 - ****** New Account has been Created *******
2021-07-25 08:58:28,744 - ****** Test completed *******
2021-07-25 08:58:28,744 - ****** Test completed *******
2021-07-25 08:58:28,744 - ****** Test completed *******
2021-07-25 08:58:28,744 - ****** Test completed *******
2021-07-25 08:58:28,744 - ****** Test completed *******
2021-07-25 09:13:05,501 - *************** Test_001_login ***************
2021-07-25 09:13:05,501 - *************** Test_001_login ***************
2021-07-25 09:13:05,501 - *************** Test_001_login ***************
2021-07-25 09:13:05,501 - *************** Test_001_login ***************
2021-07-25 09:13:05,501 - *************** Test_001_login ***************
2021-07-25 09:13:05,504 - *************** Verifying Login Test ***************
2021-07-25 09:13:05,504 - *************** Verifying Login Test ***************
2021-07-25 09:13:05,504 - *************** Verifying Login Test ***************
2021-07-25 09:13:05,504 - *************** Verifying Login Test ***************
2021-07-25 09:13:05,504 - *************** Verifying Login Test ***************
2021-07-25 09:13:50,224 - *************** Verifying Odoo Main Page ***************
2021-07-25 09:13:50,224 - *************** Verifying Odoo Main Page ***************
2021-07-25 09:13:50,224 - *************** Verifying Odoo Main Page ***************
2021-07-25 09:13:50,224 - *************** Verifying Odoo Main Page ***************
2021-07-25 09:13:50,224 - *************** Verifying Odoo Main Page ***************
2021-07-25 09:14:22,138 - *************** Verifying Login DDT Test ***************
2021-07-25 09:14:22,138 - *************** Verifying Login DDT Test ***************
2021-07-25 09:14:22,138 - *************** Verifying Login DDT Test ***************
2021-07-25 09:14:22,138 - *************** Verifying Login DDT Test ***************
2021-07-25 09:14:22,138 - *************** Verifying Login DDT Test ***************
2021-07-25 09:15:19,890 - *************** Test_001_login ***************
2021-07-25 09:15:19,890 - *************** Test_001_login ***************
2021-07-25 09:15:19,890 - *************** Test_001_login ***************
2021-07-25 09:15:19,890 - *************** Test_001_login ***************
2021-07-25 09:15:19,890 - *************** Test_001_login ***************
2021-07-25 09:15:19,891 - *************** Verifying Login Test ***************
2021-07-25 09:15:19,891 - *************** Verifying Login Test ***************
2021-07-25 09:15:19,891 - *************** Verifying Login Test ***************
2021-07-25 09:15:19,891 - *************** Verifying Login Test ***************
2021-07-25 09:15:19,891 - *************** Verifying Login Test ***************
2021-07-25 09:15:43,425 - *************** Login Test Passed ***************
2021-07-25 09:15:43,425 - *************** Login Test Passed ***************
2021-07-25 09:15:43,425 - *************** Login Test Passed ***************
2021-07-25 09:15:43,425 - *************** Login Test Passed ***************
2021-07-25 09:15:43,425 - *************** Login Test Passed ***************
2021-07-25 09:15:45,135 - *************** Verifying Odoo Main Page ***************
2021-07-25 09:15:45,135 - *************** Verifying Odoo Main Page ***************
2021-07-25 09:15:45,135 - *************** Verifying Odoo Main Page ***************
2021-07-25 09:15:45,135 - *************** Verifying Odoo Main Page ***************
2021-07-25 09:15:45,135 - *************** Verifying Odoo Main Page ***************
2021-07-25 09:16:07,183 - *************** Navigation to CRM Page ***************
2021-07-25 09:16:07,183 - *************** Navigation to CRM Page ***************
2021-07-25 09:16:07,183 - *************** Navigation to CRM Page ***************
2021-07-25 09:16:07,183 - *************** Navigation to CRM Page ***************
2021-07-25 09:16:07,183 - *************** Navigation to CRM Page ***************
2021-07-25 09:16:19,506 - *************** CRM Main Page Verification Passed ***************
2021-07-25 09:16:19,506 - *************** CRM Main Page Verification Passed ***************
2021-07-25 09:16:19,506 - *************** CRM Main Page Verification Passed ***************
2021-07-25 09:16:19,506 - *************** CRM Main Page Verification Passed ***************
2021-07-25 09:16:19,506 - *************** CRM Main Page Verification Passed ***************
2021-07-25 09:16:21,272 - *************** Verifying Login DDT Test ***************
2021-07-25 09:16:21,272 - *************** Verifying Login DDT Test ***************
2021-07-25 09:16:21,272 - *************** Verifying Login DDT Test ***************
2021-07-25 09:16:21,272 - *************** Verifying Login DDT Test ***************
2021-07-25 09:16:21,272 - *************** Verifying Login DDT Test ***************
2021-07-25 09:16:56,340 - *****Passed *******
2021-07-25 09:16:56,340 - *****Passed *******
2021-07-25 09:16:56,340 - *****Passed *******
2021-07-25 09:16:56,340 - *****Passed *******
2021-07-25 09:16:56,340 - *****Passed *******
2021-07-25 09:17:08,735 - ****** New Account Creation  *******
2021-07-25 09:17:08,735 - ****** New Account Creation  *******
2021-07-25 09:17:08,735 - ****** New Account Creation  *******
2021-07-25 09:17:08,735 - ****** New Account Creation  *******
2021-07-25 09:17:08,735 - ****** New Account Creation  *******
2021-07-25 09:17:13,718 - ****** New Account has been Created *******
2021-07-25 09:17:13,718 - ****** New Account has been Created *******
2021-07-25 09:17:13,718 - ****** New Account has been Created *******
2021-07-25 09:17:13,718 - ****** New Account has been Created *******
2021-07-25 09:17:13,718 - ****** New Account has been Created *******
2021-07-25 09:17:13,869 - ****** Test completed *******
2021-07-25 09:17:13,869 - ****** Test completed *******
2021-07-25 09:17:13,869 - ****** Test completed *******
2021-07-25 09:17:13,869 - ****** Test completed *******
2021-07-25 09:17:13,869 - ****** Test completed *******
2021-07-25 09:22:19,782 - *************** Test_001_login ***************
2021-07-25 09:22:19,782 - *************** Test_001_login ***************
2021-07-25 09:22:19,782 - *************** Test_001_login ***************
2021-07-25 09:22:19,782 - *************** Test_001_login ***************
2021-07-25 09:22:19,782 - *************** Test_001_login ***************
2021-07-25 09:22:19,783 - *************** Verifying Login Test ***************
2021-07-25 09:22:19,783 - *************** Verifying Login Test ***************
2021-07-25 09:22:19,783 - *************** Verifying Login Test ***************
2021-07-25 09:22:19,783 - *************** Verifying Login Test ***************
2021-07-25 09:22:19,783 - *************** Verifying Login Test ***************
2021-07-25 09:22:45,209 - *************** Login Test Passed ***************
2021-07-25 09:22:45,209 - *************** Login Test Passed ***************
2021-07-25 09:22:45,209 - *************** Login Test Passed ***************
2021-07-25 09:22:45,209 - *************** Login Test Passed ***************
2021-07-25 09:22:45,209 - *************** Login Test Passed ***************
2021-07-25 09:22:47,110 - *************** Verifying Odoo Main Page ***************
2021-07-25 09:22:47,110 - *************** Verifying Odoo Main Page ***************
2021-07-25 09:22:47,110 - *************** Verifying Odoo Main Page ***************
2021-07-25 09:22:47,110 - *************** Verifying Odoo Main Page ***************
2021-07-25 09:22:47,110 - *************** Verifying Odoo Main Page ***************
2021-07-25 09:23:10,646 - *************** Navigation to CRM Page ***************
2021-07-25 09:23:10,646 - *************** Navigation to CRM Page ***************
2021-07-25 09:23:10,646 - *************** Navigation to CRM Page ***************
2021-07-25 09:23:10,646 - *************** Navigation to CRM Page ***************
2021-07-25 09:23:10,646 - *************** Navigation to CRM Page ***************
2021-07-25 09:23:25,977 - *************** CRM Main Page Verification Passed ***************
2021-07-25 09:23:25,977 - *************** CRM Main Page Verification Passed ***************
2021-07-25 09:23:25,977 - *************** CRM Main Page Verification Passed ***************
2021-07-25 09:23:25,977 - *************** CRM Main Page Verification Passed ***************
2021-07-25 09:23:25,977 - *************** CRM Main Page Verification Passed ***************
2021-07-25 09:23:27,691 - *************** Verifying Login DDT Test ***************
2021-07-25 09:23:27,691 - *************** Verifying Login DDT Test ***************
2021-07-25 09:23:27,691 - *************** Verifying Login DDT Test ***************
2021-07-25 09:23:27,691 - *************** Verifying Login DDT Test ***************
2021-07-25 09:23:27,691 - *************** Verifying Login DDT Test ***************
2021-07-25 09:23:54,615 - *****Passed *******
2021-07-25 09:23:54,615 - *****Passed *******
2021-07-25 09:23:54,615 - *****Passed *******
2021-07-25 09:23:54,615 - *****Passed *******
2021-07-25 09:23:54,615 - *****Passed *******
2021-07-25 09:24:03,139 - ****** New Account Creation  *******
2021-07-25 09:24:03,139 - ****** New Account Creation  *******
2021-07-25 09:24:03,139 - ****** New Account Creation  *******
2021-07-25 09:24:03,139 - ****** New Account Creation  *******
2021-07-25 09:24:03,139 - ****** New Account Creation  *******
2021-07-25 09:24:07,793 - ****** New Account has been Created *******
2021-07-25 09:24:07,793 - ****** New Account has been Created *******
2021-07-25 09:24:07,793 - ****** New Account has been Created *******
2021-07-25 09:24:07,793 - ****** New Account has been Created *******
2021-07-25 09:24:07,793 - ****** New Account has been Created *******
2021-07-25 09:24:07,995 - ****** Test completed *******
2021-07-25 09:24:07,995 - ****** Test completed *******
2021-07-25 09:24:07,995 - ****** Test completed *******
2021-07-25 09:24:07,995 - ****** Test completed *******
2021-07-25 09:24:07,995 - ****** Test completed *******
2021-07-25 13:06:48,827 - *************** Test_001_login ***************
2021-07-25 13:06:48,827 - *************** Test_001_login ***************
2021-07-25 13:06:48,827 - *************** Test_001_login ***************
2021-07-25 13:06:48,827 - *************** Test_001_login ***************
2021-07-25 13:06:48,827 - *************** Test_001_login ***************
2021-07-25 13:06:48,921 - *************** Verifying Login Test ***************
2021-07-25 13:06:48,921 - *************** Verifying Login Test ***************
2021-07-25 13:06:48,921 - *************** Verifying Login Test ***************
2021-07-25 13:06:48,921 - *************** Verifying Login Test ***************
2021-07-25 13:06:48,921 - *************** Verifying Login Test ***************
2021-07-25 13:07:36,428 - *************** Verifying Odoo Main Page ***************
2021-07-25 13:07:36,428 - *************** Verifying Odoo Main Page ***************
2021-07-25 13:07:36,428 - *************** Verifying Odoo Main Page ***************
2021-07-25 13:07:36,428 - *************** Verifying Odoo Main Page ***************
2021-07-25 13:07:36,428 - *************** Verifying Odoo Main Page ***************
2021-07-25 13:08:23,021 - *************** Verifying Login DDT Test ***************
2021-07-25 13:08:23,021 - *************** Verifying Login DDT Test ***************
2021-07-25 13:08:23,021 - *************** Verifying Login DDT Test ***************
2021-07-25 13:08:23,021 - *************** Verifying Login DDT Test ***************
2021-07-25 13:08:23,021 - *************** Verifying Login DDT Test ***************
2021-07-25 13:09:09,751 - *************** Test_001_login ***************
2021-07-25 13:09:09,751 - *************** Test_001_login ***************
2021-07-25 13:09:09,751 - *************** Test_001_login ***************
2021-07-25 13:09:09,751 - *************** Test_001_login ***************
2021-07-25 13:09:09,751 - *************** Test_001_login ***************
2021-07-25 13:09:09,751 - *************** Verifying Login Test ***************
2021-07-25 13:09:09,751 - *************** Verifying Login Test ***************
2021-07-25 13:09:09,751 - *************** Verifying Login Test ***************
2021-07-25 13:09:09,751 - *************** Verifying Login Test ***************
2021-07-25 13:09:09,751 - *************** Verifying Login Test ***************
2021-07-25 13:09:36,139 - *************** Login Test Passed ***************
2021-07-25 13:09:36,139 - *************** Login Test Passed ***************
2021-07-25 13:09:36,139 - *************** Login Test Passed ***************
2021-07-25 13:09:36,139 - *************** Login Test Passed ***************
2021-07-25 13:09:36,139 - *************** Login Test Passed ***************
2021-07-25 13:09:38,156 - *************** Verifying Odoo Main Page ***************
2021-07-25 13:09:38,156 - *************** Verifying Odoo Main Page ***************
2021-07-25 13:09:38,156 - *************** Verifying Odoo Main Page ***************
2021-07-25 13:09:38,156 - *************** Verifying Odoo Main Page ***************
2021-07-25 13:09:38,156 - *************** Verifying Odoo Main Page ***************
2021-07-25 13:09:57,031 - *************** Navigation to CRM Page ***************
2021-07-25 13:09:57,031 - *************** Navigation to CRM Page ***************
2021-07-25 13:09:57,031 - *************** Navigation to CRM Page ***************
2021-07-25 13:09:57,031 - *************** Navigation to CRM Page ***************
2021-07-25 13:09:57,031 - *************** Navigation to CRM Page ***************
2021-07-25 13:10:08,353 - *************** CRM Main Page Verification Passed ***************
2021-07-25 13:10:08,353 - *************** CRM Main Page Verification Passed ***************
2021-07-25 13:10:08,353 - *************** CRM Main Page Verification Passed ***************
2021-07-25 13:10:08,353 - *************** CRM Main Page Verification Passed ***************
2021-07-25 13:10:08,353 - *************** CRM Main Page Verification Passed ***************
2021-07-25 13:10:10,473 - *************** Verifying Login DDT Test ***************
2021-07-25 13:10:10,473 - *************** Verifying Login DDT Test ***************
2021-07-25 13:10:10,473 - *************** Verifying Login DDT Test ***************
2021-07-25 13:10:10,473 - *************** Verifying Login DDT Test ***************
2021-07-25 13:10:10,473 - *************** Verifying Login DDT Test ***************
2021-07-25 13:10:30,179 - *****Passed *******
2021-07-25 13:10:30,179 - *****Passed *******
2021-07-25 13:10:30,179 - *****Passed *******
2021-07-25 13:10:30,179 - *****Passed *******
2021-07-25 13:10:30,179 - *****Passed *******
2021-07-25 13:10:39,384 - ****** New Account Creation  *******
2021-07-25 13:10:39,384 - ****** New Account Creation  *******
2021-07-25 13:10:39,384 - ****** New Account Creation  *******
2021-07-25 13:10:39,384 - ****** New Account Creation  *******
2021-07-25 13:10:39,384 - ****** New Account Creation  *******
2021-07-25 13:10:44,119 - ****** New Account has been Created *******
2021-07-25 13:10:44,119 - ****** New Account has been Created *******
2021-07-25 13:10:44,119 - ****** New Account has been Created *******
2021-07-25 13:10:44,119 - ****** New Account has been Created *******
2021-07-25 13:10:44,119 - ****** New Account has been Created *******
2021-07-25 13:10:44,329 - ****** Test completed *******
2021-07-25 13:10:44,329 - ****** Test completed *******
2021-07-25 13:10:44,329 - ****** Test completed *******
2021-07-25 13:10:44,329 - ****** Test completed *******
2021-07-25 13:10:44,329 - ****** Test completed *******
2021-07-25 14:44:42,764 - *************** Test_001_login ***************
2021-07-25 14:44:42,764 - *************** Test_001_login ***************
2021-07-25 14:44:42,764 - *************** Test_001_login ***************
2021-07-25 14:44:42,764 - *************** Test_001_login ***************
2021-07-25 14:44:42,764 - *************** Test_001_login ***************
2021-07-25 14:44:42,885 - *************** Verifying Login Test ***************
2021-07-25 14:44:42,885 - *************** Verifying Login Test ***************
2021-07-25 14:44:42,885 - *************** Verifying Login Test ***************
2021-07-25 14:44:42,885 - *************** Verifying Login Test ***************
2021-07-25 14:44:42,885 - *************** Verifying Login Test ***************
2021-07-25 14:45:00,076 - *************** Verifying Odoo Main Page ***************
2021-07-25 14:45:00,076 - *************** Verifying Odoo Main Page ***************
2021-07-25 14:45:00,076 - *************** Verifying Odoo Main Page ***************
2021-07-25 14:45:00,076 - *************** Verifying Odoo Main Page ***************
2021-07-25 14:45:00,076 - *************** Verifying Odoo Main Page ***************
2021-07-25 14:45:04,548 - *************** Verifying Login DDT Test ***************
2021-07-25 14:45:04,548 - *************** Verifying Login DDT Test ***************
2021-07-25 14:45:04,548 - *************** Verifying Login DDT Test ***************
2021-07-25 14:45:04,548 - *************** Verifying Login DDT Test ***************
2021-07-25 14:45:04,548 - *************** Verifying Login DDT Test ***************
